<?xml version="1.0" encoding="UTF-8"?>
<!-- Generated by org.testng.reporters.JUnitReportReporter -->
<testsuite hostname="LAPTOP-I8D1UIO6" failures="0" tests="5" name="Runner.AllRunner" time="86.925" errors="0" timestamp="2021-10-13T11:55:23 IST" skipped="0">
  <testcase classname="Runner.AllRunner" name="runScenario" time="24.450"/>
  <system-out/>
  <testcase classname="Runner.AllRunner" name="runScenario" time="18.479"/>
  <system-out/>
  <testcase classname="Runner.AllRunner" name="runScenario" time="19.015"/>
  <system-out/>
  <testcase classname="Runner.AllRunner" name="runScenario" time="7.651"/>
  <system-out/>
  <testcase classname="Runner.AllRunner" name="runScenario" time="17.330"/>
  <system-out/>
</testsuite> <!-- Runner.AllRunner -->
