<?xml version="1.0" encoding="UTF-8"?>
<!-- Generated by org.testng.reporters.JUnitReportReporter -->
<testsuite hostname="LAPTOP-I8D1UIO6" failures="0" tests="5" name="Runner.LoginRunner" time="124.485" errors="0" timestamp="2021-10-11T20:33:38 IST" skipped="0">
  <testcase classname="Runner.LoginRunner" name="runScenario" time="20.262"/>
  <system-out/>
  <testcase classname="Runner.LoginRunner" name="runScenario" time="18.967"/>
  <system-out/>
  <testcase classname="Runner.LoginRunner" name="runScenario" time="59.951"/>
  <system-out/>
  <testcase classname="Runner.LoginRunner" name="runScenario" time="17.060"/>
  <system-out/>
  <testcase classname="Runner.LoginRunner" name="runScenario" time="8.245"/>
  <system-out/>
</testsuite> <!-- Runner.LoginRunner -->
