<?xml version="1.0" encoding="UTF-8"?>
<!-- Generated by org.testng.reporters.JUnitReportReporter -->
<testsuite hostname="LAPTOP-I8D1UIO6" failures="0" tests="3" name="Runner.DealsRunner" time="52.617" errors="0" timestamp="2021-10-13T11:04:15 IST" skipped="0">
  <testcase classname="Runner.DealsRunner" name="runScenario" time="16.701"/>
  <system-out/>
  <testcase classname="Runner.DealsRunner" name="runScenario" time="16.842"/>
  <system-out/>
  <testcase classname="Runner.DealsRunner" name="runScenario" time="19.074"/>
  <system-out/>
</testsuite> <!-- Runner.DealsRunner -->
