<?xml version="1.0" encoding="UTF-8"?>
<!-- Generated by org.testng.reporters.JUnitReportReporter -->
<testsuite hostname="LAPTOP-I8D1UIO6" failures="0" tests="5" name="Runner.LoginRunner" time="87.950" errors="0" timestamp="2021-10-13T11:51:15 IST" skipped="0">
  <testcase classname="Runner.LoginRunner" name="runScenario" time="26.614"/>
  <system-out/>
  <testcase classname="Runner.LoginRunner" name="runScenario" time="17.147"/>
  <system-out/>
  <testcase classname="Runner.LoginRunner" name="runScenario" time="18.590"/>
  <system-out/>
  <testcase classname="Runner.LoginRunner" name="runScenario" time="5.815"/>
  <system-out/>
  <testcase classname="Runner.LoginRunner" name="runScenario" time="19.784"/>
  <system-out/>
</testsuite> <!-- Runner.LoginRunner -->
