<?xml version="1.0" encoding="UTF-8"?>
<!-- Generated by org.testng.reporters.JUnitReportReporter -->
<testsuite hostname="LAPTOP-I8D1UIO6" failures="0" tests="1" name="Runner.OfferRunner" time="25.545" errors="0" timestamp="2021-10-13T11:04:15 IST" skipped="0">
  <testcase classname="Runner.OfferRunner" name="runScenario" time="25.545"/>
  <system-out/>
</testsuite> <!-- Runner.OfferRunner -->
